<?xml version="1.0" encoding="utf-8"?><testsuites name="pytest tests"><testsuite name="pytest" errors="0" failures="0" skipped="0" tests="17" time="45.975" timestamp="2026-03-17T02:55:06.983933+00:00" hostname="agent-env-b37d008b-7576-456b-ace6-dec2f0f0f9b6"><testcase classname="backend.tests.test_api_iteration6.TestHealthAndBasicEndpoints" name="test_health_endpoint" time="0.342" /><testcase classname="backend.tests.test_api_iteration6.TestHealthAndBasicEndpoints" name="test_root_api_endpoint" time="0.241" /><testcase classname="backend.tests.test_api_iteration6.TestStudentsAPI" name="test_get_all_students" time="0.433" /><testcase classname="backend.tests.test_api_iteration6.TestStudentsAPI" name="test_get_student_by_id" time="0.324" /><testcase classname="backend.tests.test_api_iteration6.TestStudentsAPI" name="test_get_student_progress" time="0.370" /><testcase classname="backend.tests.test_api_iteration6.TestStudentsAPI" name="test_get_nonexistent_student" time="0.336" /><testcase classname="backend.tests.test_api_iteration6.TestSkillGraphAPI" name="test_get_skill_graph" time="0.321" /><testcase classname="backend.tests.test_api_iteration6.TestSkillGraphAPI" name="test_get_skill_node_by_id" time="0.310" /><testcase classname="backend.tests.test_api_iteration6.TestTeacherDashboardAPI" name="test_get_teacher_dashboard" time="0.413" /><testcase classname="backend.tests.test_api_iteration6.TestTeacherDashboardAPI" name="test_get_teacher_student_detail" time="0.380" /><testcase classname="backend.tests.test_api_iteration6.TestProblemsAPI" name="test_get_problems_for_node" time="0.333" /><testcase classname="backend.tests.test_api_iteration6.TestProblemsAPI" name="test_get_random_problem" time="0.734" /><testcase classname="backend.tests.test_api_iteration6.TestTutorAPI" name="test_get_tutor_problem" time="0.333" /><testcase classname="backend.tests.test_api_iteration6.TestTutorAPI" name="test_tutor_evaluate_correct" time="3.739" /><testcase classname="backend.tests.test_api_iteration6.TestAdminContentManagementAPI" name="test_problems_endpoint_exists" time="0.293" /><testcase classname="backend.tests.test_api_iteration6.TestAdminContentManagementAPI" name="test_generate_images_batch_endpoint_exists" time="36.637" /><testcase classname="backend.tests.test_api_iteration6.TestAdminContentManagementAPI" name="test_single_image_generation_endpoint_exists" time="0.351" /></testsuite></testsuites>