<?xml version="1.0" encoding="utf-8"?><testsuites name="pytest tests"><testsuite name="pytest" errors="0" failures="0" skipped="0" tests="10" time="3.865" timestamp="2026-03-24T04:08:34.492560+00:00" hostname="agent-env-b37d008b-7576-456b-ace6-dec2f0f0f9b6"><testcase classname="backend.tests.test_diagnostic_api.TestHealthEndpoint" name="test_health_endpoint" time="0.167" /><testcase classname="backend.tests.test_diagnostic_api.TestDiagnosticProblemAPI" name="test_get_problem_for_diagnostic_node[N01]" time="0.642" /><testcase classname="backend.tests.test_diagnostic_api.TestDiagnosticProblemAPI" name="test_get_problem_for_diagnostic_node[N04]" time="0.321" /><testcase classname="backend.tests.test_diagnostic_api.TestDiagnosticProblemAPI" name="test_get_problem_for_diagnostic_node[N05]" time="0.387" /><testcase classname="backend.tests.test_diagnostic_api.TestDiagnosticProblemAPI" name="test_get_problem_for_diagnostic_node[N15]" time="0.307" /><testcase classname="backend.tests.test_diagnostic_api.TestDiagnosticProblemAPI" name="test_get_problem_for_diagnostic_node[N17]" time="0.313" /><testcase classname="backend.tests.test_diagnostic_api.TestDiagnosticProblemAPI" name="test_problem_has_skill_metadata" time="0.637" /><testcase classname="backend.tests.test_diagnostic_api.TestDiagnosticProblemAPI" name="test_problem_has_problem_type" time="0.323" /><testcase classname="backend.tests.test_diagnostic_api.TestStudentsAPI" name="test_get_students_list" time="0.400" /><testcase classname="backend.tests.test_diagnostic_api.TestSkillGraphAPI" name="test_get_skill_graph" time="0.311" /></testsuite></testsuites>